#
# There is insufficient memory for the Java Runtime Environment to continue.
# Native memory allocation (mmap) failed to map 4128768 bytes. Error detail: G1 virtual space
# Possible reasons:
#   The system is out of physical RAM or swap space
#   This process is running with CompressedOops enabled, and the Java Heap may be blocking the growth of the native heap
# Possible solutions:
#   Reduce memory load on the system
#   Increase physical memory or swap space
#   Check if swap backing store is full
#   Decrease Java heap size (-Xmx/-Xms)
#   Decrease number of Java threads
#   Decrease Java thread stack sizes (-Xss)
#   Set larger code cache with -XX:ReservedCodeCacheSize=
#   JVM is running with Zero Based Compressed Oops mode in which the Java heap is
#     placed in the first 32GB address space. The Java Heap base address is the
#     maximum limit for the native heap growth. Please use -XX:HeapBaseMinAddress
#     to set the Java Heap base and to place the Java Heap above 32GB virtual address.
# This output file may be truncated or incomplete.
#
#  Out of Memory Error (os_windows.cpp:3613), pid=30020, tid=36732
#
# JRE version:  (17.0.11+9) (build )
# Java VM: OpenJDK 64-Bit Server VM (17.0.11+9, mixed mode, sharing, tiered, compressed oops, compressed class ptrs, g1 gc, windows-amd64)
# No core dump will be written. Minidumps are not enabled by default on client versions of Windows
#

---------------  S U M M A R Y ------------

Command Line: --module-path=C:\Program Files (x86)\JavaFX\javafx-sdk-22.0.1\lib --add-modules=javafx.controls,javafx.graphics,javafx.fxml -Dfile.encoding=UTF-8 -Dstdout.encoding=UTF-8 -Dstderr.encoding=UTF-8 -XX:+ShowCodeDetailsInExceptionMessages server.ServerUI

Host: 12th Gen Intel(R) Core(TM) i7-12700H, 20 cores, 15G,  Windows 11 , 64 bit Build 22621 (10.0.22621.3672)
Time: Tue Aug  6 20:02:00 2024 Middle East Summer Time elapsed time: 0.010516 seconds (0d 0h 0m 0s)

---------------  T H R E A D  ---------------

Current thread (0x000001ff1e50b370):  JavaThread "Unknown thread" [_thread_in_vm, id=36732, stack(0x0000005a28300000,0x0000005a28400000)]

Stack: [0x0000005a28300000,0x0000005a28400000]
Native frames: (J=compiled Java code, j=interpreted, Vv=VM code, C=native code)
V  [jvm.dll+0x67d429]
V  [jvm.dll+0x834b7a]
V  [jvm.dll+0x83663e]
V  [jvm.dll+0x836ca3]
V  [jvm.dll+0x247dbf]
V  [jvm.dll+0x67a269]
V  [jvm.dll+0x66ecda]
V  [jvm.dll+0x30797b]
V  [jvm.dll+0x30ee26]
V  [jvm.dll+0x35e838]
V  [jvm.dll+0x35ea3f]
V  [jvm.dll+0x2de6b8]
V  [jvm.dll+0x2df624]
V  [jvm.dll+0x806531]
V  [jvm.dll+0x36c561]
V  [jvm.dll+0x7e4f56]
V  [jvm.dll+0x3efdcf]
V  [jvm.dll+0x3f1921]
C  [jli.dll+0x528f]
C  [ucrtbase.dll+0x29333]
C  [KERNEL32.DLL+0x1257d]
C  [ntdll.dll+0x5af28]


---------------  P R O C E S S  ---------------

Threads class SMR info:
_java_thread_list=0x00007ffc0af5eed8, length=0, elements={
}

Java Threads: ( => current thread )

Other Threads:
  0x000001ff1e578ce0 GCTaskThread "GC Thread#0" [stack: 0x0000005a28400000,0x0000005a28500000] [id=32160]
  0x000001ff1e589f10 ConcurrentGCThread "G1 Main Marker" [stack: 0x0000005a28500000,0x0000005a28600000] [id=22880]
  0x000001ff1e58a930 ConcurrentGCThread "G1 Conc#0" [stack: 0x0000005a28600000,0x0000005a28700000] [id=9432]

[error occurred during error reporting (printing all threads), id 0xc0000005, EXCEPTION_ACCESS_VIOLATION (0xc0000005) at pc=0x00007ffc0a71f0f7]

VM state: not at safepoint (not fully initialized)

VM Mutex/Monitor currently owned by a thread:  ([mutex/lock_event])
[0x000001ff1e506e40] Heap_lock - owner thread: 0x000001ff1e50b370

Heap address: 0x0000000704c00000, size: 4020 MB, Compressed Oops mode: Zero based, Oop shift amount: 3

CDS archive(s) mapped at: [0x0000000000000000-0x0000000000000000-0x0000000000000000), size 0, SharedBaseAddress: 0x0000000800000000, ArchiveRelocationMode: 1.
Narrow klass base: 0x0000000000000000, Narrow klass shift: 0, Narrow klass range: 0x0

GC Precious Log:
<Empty>

Heap:
 garbage-first heap   total 0K, used 0K [0x0000000704c00000, 0x0000000800000000)
  region size 2048K, 0 young (0K), 0 survivors (0K)

[error occurred during error reporting (printing heap information), id 0xc0000005, EXCEPTION_ACCESS_VIOLATION (0xc0000005) at pc=0x00007ffc0ab070c9]

GC Heap History (0 events):
No events

Dll operation events (1 events):
Event: 0.005 Loaded shared library C:\Users\vexda\.p2\pool\plugins\org.eclipse.justj.openjdk.hotspot.jre.full.win32.x86_64_17.0.11.v20240426-1830\jre\bin\java.dll

Deoptimization events (0 events):
No events

Classes unloaded (0 events):
No events

Classes redefined (0 events):
No events

Internal exceptions (0 events):
No events

VM Operations (0 events):
No events

Events (0 events):
No events


Dynamic libraries:
0x00007ff66dfb0000 - 0x00007ff66dfbe000 	C:\Users\vexda\.p2\pool\plugins\org.eclipse.justj.openjdk.hotspot.jre.full.win32.x86_64_17.0.11.v20240426-1830\jre\bin\javaw.exe
0x00007ffc622d0000 - 0x00007ffc624e7000 	C:\WINDOWS\SYSTEM32\ntdll.dll
0x00007ffc60010000 - 0x00007ffc600d4000 	C:\WINDOWS\System32\KERNEL32.DLL
0x00007ffc5fa00000 - 0x00007ffc5fdad000 	C:\WINDOWS\System32\KERNELBASE.dll
0x00007ffc5fe70000 - 0x00007ffc5ff81000 	C:\WINDOWS\System32\ucrtbase.dll
0x00007ffc4c960000 - 0x00007ffc4c97b000 	C:\Users\vexda\.p2\pool\plugins\org.eclipse.justj.openjdk.hotspot.jre.full.win32.x86_64_17.0.11.v20240426-1830\jre\bin\VCRUNTIME140.dll
0x00007ffc468b0000 - 0x00007ffc468c7000 	C:\Users\vexda\.p2\pool\plugins\org.eclipse.justj.openjdk.hotspot.jre.full.win32.x86_64_17.0.11.v20240426-1830\jre\bin\jli.dll
0x00007ffc61530000 - 0x00007ffc616de000 	C:\WINDOWS\System32\USER32.dll
0x00007ffc52a40000 - 0x00007ffc52cd3000 	C:\WINDOWS\WinSxS\amd64_microsoft.windows.common-controls_6595b64144ccf1df_6.0.22621.3672_none_2713b9d173822955\COMCTL32.dll
0x00007ffc5f600000 - 0x00007ffc5f626000 	C:\WINDOWS\System32\win32u.dll
0x00007ffc621d0000 - 0x00007ffc62277000 	C:\WINDOWS\System32\msvcrt.dll
0x00007ffc61470000 - 0x00007ffc61499000 	C:\WINDOWS\System32\GDI32.dll
0x00007ffc5f660000 - 0x00007ffc5f779000 	C:\WINDOWS\System32\gdi32full.dll
0x00007ffc5f7f0000 - 0x00007ffc5f88a000 	C:\WINDOWS\System32\msvcp_win.dll
0x00007ffc61430000 - 0x00007ffc61461000 	C:\WINDOWS\System32\IMM32.DLL
0x00007ffc4c9f0000 - 0x00007ffc4c9fc000 	C:\Users\vexda\.p2\pool\plugins\org.eclipse.justj.openjdk.hotspot.jre.full.win32.x86_64_17.0.11.v20240426-1830\jre\bin\vcruntime140_1.dll
0x00007ffc3ea70000 - 0x00007ffc3eafd000 	C:\Users\vexda\.p2\pool\plugins\org.eclipse.justj.openjdk.hotspot.jre.full.win32.x86_64_17.0.11.v20240426-1830\jre\bin\msvcp140.dll
0x00007ffc0a430000 - 0x00007ffc0b092000 	C:\Users\vexda\.p2\pool\plugins\org.eclipse.justj.openjdk.hotspot.jre.full.win32.x86_64_17.0.11.v20240426-1830\jre\bin\server\jvm.dll
0x00007ffc60520000 - 0x00007ffc605d2000 	C:\WINDOWS\System32\ADVAPI32.dll
0x00007ffc60470000 - 0x00007ffc60519000 	C:\WINDOWS\System32\sechost.dll
0x00007ffc5f630000 - 0x00007ffc5f658000 	C:\WINDOWS\System32\bcrypt.dll
0x00007ffc61a00000 - 0x00007ffc61b14000 	C:\WINDOWS\System32\RPCRT4.dll
0x00007ffc54b30000 - 0x00007ffc54b64000 	C:\WINDOWS\SYSTEM32\WINMM.dll
0x00007ffc52840000 - 0x00007ffc5284a000 	C:\WINDOWS\SYSTEM32\VERSION.dll
0x00007ffc59420000 - 0x00007ffc59429000 	C:\WINDOWS\SYSTEM32\WSOCK32.dll
0x00007ffc5e490000 - 0x00007ffc5e4dd000 	C:\WINDOWS\SYSTEM32\POWRPROF.dll
0x00007ffc62140000 - 0x00007ffc621b1000 	C:\WINDOWS\System32\WS2_32.dll
0x00007ffc5e470000 - 0x00007ffc5e483000 	C:\WINDOWS\SYSTEM32\UMPDC.dll
0x00007ffc5e6c0000 - 0x00007ffc5e6d8000 	C:\WINDOWS\SYSTEM32\kernel.appcore.dll
0x00007ffc59370000 - 0x00007ffc5937a000 	C:\Users\vexda\.p2\pool\plugins\org.eclipse.justj.openjdk.hotspot.jre.full.win32.x86_64_17.0.11.v20240426-1830\jre\bin\jimage.dll
0x00007ffc5cec0000 - 0x00007ffc5d0f2000 	C:\WINDOWS\SYSTEM32\DBGHELP.DLL
0x00007ffc61c20000 - 0x00007ffc61fa8000 	C:\WINDOWS\System32\combase.dll
0x00007ffc60a90000 - 0x00007ffc60b67000 	C:\WINDOWS\System32\OLEAUT32.dll
0x00007ffc4fe00000 - 0x00007ffc4fe32000 	C:\WINDOWS\SYSTEM32\dbgcore.DLL
0x00007ffc5ff90000 - 0x00007ffc6000b000 	C:\WINDOWS\System32\bcryptPrimitives.dll
0x00007ffc4d700000 - 0x00007ffc4d725000 	C:\Users\vexda\.p2\pool\plugins\org.eclipse.justj.openjdk.hotspot.jre.full.win32.x86_64_17.0.11.v20240426-1830\jre\bin\java.dll

dbghelp: loaded successfully - version: 4.0.5 - missing functions: none
symbol engine: initialized successfully - sym options: 0x614 - pdb path: .;C:\Users\vexda\.p2\pool\plugins\org.eclipse.justj.openjdk.hotspot.jre.full.win32.x86_64_17.0.11.v20240426-1830\jre\bin;C:\WINDOWS\SYSTEM32;C:\WINDOWS\WinSxS\amd64_microsoft.windows.common-controls_6595b64144ccf1df_6.0.22621.3672_none_2713b9d173822955;C:\Users\vexda\.p2\pool\plugins\org.eclipse.justj.openjdk.hotspot.jre.full.win32.x86_64_17.0.11.v20240426-1830\jre\bin\server

VM Arguments:
jvm_args: --module-path=C:\Program Files (x86)\JavaFX\javafx-sdk-22.0.1\lib --add-modules=javafx.controls,javafx.graphics,javafx.fxml -Dfile.encoding=UTF-8 -Dstdout.encoding=UTF-8 -Dstderr.encoding=UTF-8 -XX:+ShowCodeDetailsInExceptionMessages 
java_command: server.ServerUI
java_class_path (initial): C:\Users\vexda\OneDrive\Desktop\gitProjects\BiteMeProject\BiteMeServer\bin;C:\Users\vexda\OneDrive\Desktop\gitProjects\BiteMeProject\OCSF\bin;C:\Users\vexda\OneDrive\Desktop\GoNature_Server\mysql-connector-java-8.0.13.jar;C:\Program Files (x86)\JavaFX\javafx-sdk-22.0.1\lib\javafx.base.jar;C:\Program Files (x86)\JavaFX\javafx-sdk-22.0.1\lib\javafx.controls.jar;C:\Program Files (x86)\JavaFX\javafx-sdk-22.0.1\lib\javafx.fxml.jar;C:\Program Files (x86)\JavaFX\javafx-sdk-22.0.1\lib\javafx.graphics.jar;C:\Program Files (x86)\JavaFX\javafx-sdk-22.0.1\lib\javafx.media.jar;C:\Program Files (x86)\JavaFX\javafx-sdk-22.0.1\lib\javafx.swing.jar;C:\Program Files (x86)\JavaFX\javafx-sdk-22.0.1\lib\javafx.web.jar;C:\Program Files (x86)\JavaFX\javafx-sdk-22.0.1\lib\javafx-swt.jar
Launcher Type: SUN_STANDARD

[Global flags]
     intx CICompilerCount                          = 12                                        {product} {ergonomic}
     uint ConcGCThreads                            = 4                                         {product} {ergonomic}
     uint G1ConcRefinementThreads                  = 15                                        {product} {ergonomic}
   size_t G1HeapRegionSize                         = 2097152                                   {product} {ergonomic}
    uintx GCDrainStackTargetSize                   = 64                                        {product} {ergonomic}
   size_t InitialHeapSize                          = 264241152                                 {product} {ergonomic}
   size_t MarkStackSize                            = 4194304                                   {product} {ergonomic}
   size_t MaxHeapSize                              = 4215275520                                {product} {ergonomic}
   size_t MinHeapDeltaBytes                        = 2097152                                   {product} {ergonomic}
   size_t MinHeapSize                              = 8388608                                   {product} {ergonomic}
    uintx NonNMethodCodeHeapSize                   = 7602480                                {pd product} {ergonomic}
    uintx NonProfiledCodeHeapSize                  = 122027880                              {pd product} {ergonomic}
    uintx ProfiledCodeHeapSize                     = 122027880                              {pd product} {ergonomic}
    uintx ReservedCodeCacheSize                    = 251658240                              {pd product} {ergonomic}
     bool SegmentedCodeCache                       = true                                      {product} {ergonomic}
     bool ShowCodeDetailsInExceptionMessages       = true                                   {manageable} {command line}
   size_t SoftMaxHeapSize                          = 4215275520                             {manageable} {ergonomic}
     bool UseCompressedClassPointers               = true                           {product lp64_product} {ergonomic}
     bool UseCompressedOops                        = true                           {product lp64_product} {ergonomic}
     bool UseG1GC                                  = true                                      {product} {ergonomic}
     bool UseLargePagesIndividualAllocation        = false                                  {pd product} {ergonomic}

Logging:
Log output configuration:
 #0: stdout all=warning uptime,level,tags
 #1: stderr all=off uptime,level,tags

Environment Variables:
PATH=C:/Users/vexda/.p2/pool/plugins/org.eclipse.justj.openjdk.hotspot.jre.full.win32.x86_64_17.0.11.v20240426-1830/jre/bin/server;C:/Users/vexda/.p2/pool/plugins/org.eclipse.justj.openjdk.hotspot.jre.full.win32.x86_64_17.0.11.v20240426-1830/jre/bin;C:\Windows\system32;C:\Windows;C:\Windows\System32\Wbem;C:\Windows\System32\WindowsPowerShell\v1.0\;C:\Windows\System32\OpenSSH\;C:\Program Files (x86)\NVIDIA Corporation\PhysX\Common;C:\Program Files\NVIDIA Corporation\NVIDIA NvDLISR;C:\Program Files\Docker\Docker\resources\bin;C:\WINDOWS\system32;C:\WINDOWS;C:\WINDOWS\System32\Wbem;C:\WINDOWS\System32\WindowsPowerShell\v1.0\;C:\WINDOWS\System32\OpenSSH\;C:\Program Files\nodejs\;C:\Program Files\Git\cmd;C:\Program Files\dotnet\;C:\Program Files\Microsoft SQL Server\Client SDK\ODBC\170\Tools\Binn\;C:\Program Files\Microsoft SQL Server\150\Tools\Binn\;C:\Program Files (x86)\Windows Kits\10\Windows Performance Toolkit\;C:\Users\vexda\AppData\Local\Microsoft\WindowsApps;C:\Users\vexda\AppData\Local\Programs\Microsoft VS Code\bin;C:\Users\vexda\AppData\Roaming\npm;C:\Users\vexda\.dotnet\tools;C:\Users\vexda\AppData\Local\GitHubDesktop\bin;C:\Users\vexda\OneDrive\Desktop;
USERNAME=vexda
OS=Windows_NT
PROCESSOR_IDENTIFIER=Intel64 Family 6 Model 154 Stepping 3, GenuineIntel
TMP=C:\Users\vexda\AppData\Local\Temp
TEMP=C:\Users\vexda\AppData\Local\Temp



Periodic native trim disabled


---------------  S Y S T E M  ---------------

OS:
 Windows 11 , 64 bit Build 22621 (10.0.22621.3672)
OS uptime: 12 days 5:15 hours
Hyper-V role detected

CPU: total 20 (initial active 20) (10 cores per cpu, 2 threads per core) family 6 model 154 stepping 3 microcode 0x419, cx8, cmov, fxsr, ht, mmx, 3dnowpref, sse, sse2, sse3, ssse3, sse4.1, sse4.2, popcnt, lzcnt, tsc, tscinvbit, avx, avx2, aes, erms, clmul, bmi1, bmi2, adx, sha, fma, vzeroupper, clflush, clflushopt, clwb, hv
Processor Information for processor 0
  Max Mhz: 2300, Current Mhz: 2300, Mhz Limit: 2300
Processor Information for processor 1
  Max Mhz: 2300, Current Mhz: 2300, Mhz Limit: 2300
Processor Information for processor 2
  Max Mhz: 2300, Current Mhz: 2300, Mhz Limit: 2300
Processor Information for processor 3
  Max Mhz: 2300, Current Mhz: 2300, Mhz Limit: 2300
Processor Information for processor 4
  Max Mhz: 2300, Current Mhz: 2300, Mhz Limit: 2300
Processor Information for processor 5
  Max Mhz: 2300, Current Mhz: 2300, Mhz Limit: 2300
Processor Information for processor 6
  Max Mhz: 2300, Current Mhz: 2300, Mhz Limit: 2300
Processor Information for processor 7
  Max Mhz: 2300, Current Mhz: 2300, Mhz Limit: 2300
Processor Information for processor 8
  Max Mhz: 2300, Current Mhz: 2300, Mhz Limit: 2300
Processor Information for processor 9
  Max Mhz: 2300, Current Mhz: 2300, Mhz Limit: 2300
Processor Information for processor 10
  Max Mhz: 2300, Current Mhz: 2300, Mhz Limit: 2300
Processor Information for processor 11
  Max Mhz: 2300, Current Mhz: 2300, Mhz Limit: 2300
Processor Information for processor 12
  Max Mhz: 2300, Current Mhz: 1500, Mhz Limit: 1679
Processor Information for processor 13
  Max Mhz: 2300, Current Mhz: 1500, Mhz Limit: 1679
Processor Information for processor 14
  Max Mhz: 2300, Current Mhz: 1700, Mhz Limit: 1679
Processor Information for processor 15
  Max Mhz: 2300, Current Mhz: 1700, Mhz Limit: 1679
Processor Information for processor 16
  Max Mhz: 2300, Current Mhz: 1700, Mhz Limit: 1679
Processor Information for processor 17
  Max Mhz: 2300, Current Mhz: 1700, Mhz Limit: 1679
Processor Information for processor 18
  Max Mhz: 2300, Current Mhz: 1500, Mhz Limit: 1679
Processor Information for processor 19
  Max Mhz: 2300, Current Mhz: 1700, Mhz Limit: 1679

Memory: 4k page, system-wide physical 16074M (841M free)
TotalPageFile size 65226M (AvailPageFile size 4M)
current process WorkingSet (physical memory assigned to process): 11M, peak: 11M
current process commit charge ("private bytes"): 331M, peak: 335M

vm_info: OpenJDK 64-Bit Server VM (17.0.11+9) for windows-amd64 JRE (17.0.11+9), built on Apr 17 2024 06:07:48 by "admin" with MS VC++ 16.10 / 16.11 (VS2019)

END.
